<?xml version="1.0" encoding="UTF-8"?>
<!-- Generated by org.testng.reporters.JUnitXMLReporter -->
<testsuite ignored="2" hostname="DESKTOP-8UEGB1J" failures="0" tests="1" name="Default test" time="10.717" errors="0" timestamp="2024-03-30T20:00:15 NPT">
  <testcase classname="testCase.Login" name="ForgetPassword" time="6.956"/>
  <testcase classname="testCase.Login" name="LoginWithValidDetails" time="0.0">
    <ignored/>
  </testcase> <!-- LoginWithValidDetails -->
  <testcase classname="testCase.Login" name="LoginWithInValidDetails" time="0.0">
    <ignored/>
  </testcase> <!-- LoginWithInValidDetails -->
</testsuite> <!-- Default test -->
